0 info it worked if it ends with ok
1 verbose cli [ 'C:\\Program Files\\nodejs\\node.exe',
1 verbose cli   'C:\\Program Files\\nodejs\\node_modules\\npm\\bin\\npm-cli.js',
1 verbose cli   'start' ]
2 info using npm@3.10.10
3 info using node@v6.11.4
4 verbose run-script [ 'prestart', 'start', 'poststart' ]
5 info lifecycle queue-me-up-buttercup@0.0.0~prestart: queue-me-up-buttercup@0.0.0
6 silly lifecycle queue-me-up-buttercup@0.0.0~prestart: no script for prestart, continuing
7 info lifecycle queue-me-up-buttercup@0.0.0~start: queue-me-up-buttercup@0.0.0
8 verbose lifecycle queue-me-up-buttercup@0.0.0~start: unsafe-perm in lifecycle true
9 verbose lifecycle queue-me-up-buttercup@0.0.0~start: PATH: C:\Program Files\nodejs\node_modules\npm\bin\node-gyp-bin;C:\Users\derek\dev\queue-me-up-buttercup\node_modules\.bin;C:\Program Files (x86)\Intel\iCLS Client\;C:\Program Files (x86)\Razer Chroma SDK\bin;C:\Program Files\Razer Chroma SDK\bin;C:\Program Files\Intel\iCLS Client\;C:\windows\system32;C:\windows;C:\windows\System32\Wbem;C:\windows\System32\WindowsPowerShell\v1.0\;C:\Program Files (x86)\NVIDIA Corporation\PhysX\Common;C:\Users\derek\AppData\Local\Microsoft\WindowsApps;C:\WINDOWS\system32;C:\WINDOWS;C:\WINDOWS\System32\Wbem;C:\WINDOWS\System32\WindowsPowerShell\v1.0\;C:\Users\derek\apache-maven-3.5.0-bin\apache-maven-3.5.0\bin;C:\Users\derek\spring-roo-1.3.2.RELEASE\bin;C:\Program Files\Java\jdk1.8.0_121\bin;C:\Users\derek\spring-boot-cli-1.5.7.RELEASE-bin\spring-1.5.7.RELEASE\bin;C:\Program Files\nodejs\;C:\Program Files\PostgreSQL\10\bin;C:\Go\bin;C:\Program Files\Intel\WiFi\bin\;C:\Program Files\Common Files\Intel\WirelessCommon\;C:\Program Files (x86)\Intel\Intel(R) Management Engine Components\DAL;C:\Program Files\Intel\Intel(R) Management Engine Components\DAL;C:\Program Files (x86)\Intel\Intel(R) Management Engine Components\IPT;C:\Program Files\Intel\Intel(R) Management Engine Components\IPT;C:\Program Files\Git\cmd;C:\Users\derek\AppData\Local\Programs\Python\Python36-32\Scripts\;C:\Users\derek\AppData\Local\Programs\Python\Python36-32\;C:\RailsInstaller\Git\cmd;C:\RailsInstaller\Ruby2.3.0\bin;C:\Users\derek\AppData\Local\Microsoft\WindowsApps;C:\Program Files\Heroku\bin;C:\Users\derek\AppData\Roaming\npm;C:\Program Files\sfdx\bin;
10 verbose lifecycle queue-me-up-buttercup@0.0.0~start: CWD: C:\Users\derek\dev\queue-me-up-buttercup
11 silly lifecycle queue-me-up-buttercup@0.0.0~start: Args: [ '/d /s /c', 'node ./bin/www' ]
12 silly lifecycle queue-me-up-buttercup@0.0.0~start: Returned: code: 3221225786  signal: null
13 info lifecycle queue-me-up-buttercup@0.0.0~start: Failed to exec start script
14 verbose stack Error: queue-me-up-buttercup@0.0.0 start: `node ./bin/www`
14 verbose stack Exit status 3221225786
14 verbose stack     at EventEmitter.<anonymous> (C:\Program Files\nodejs\node_modules\npm\lib\utils\lifecycle.js:255:16)
14 verbose stack     at emitTwo (events.js:106:13)
14 verbose stack     at EventEmitter.emit (events.js:191:7)
14 verbose stack     at ChildProcess.<anonymous> (C:\Program Files\nodejs\node_modules\npm\lib\utils\spawn.js:40:14)
14 verbose stack     at emitTwo (events.js:106:13)
14 verbose stack     at ChildProcess.emit (events.js:191:7)
14 verbose stack     at maybeClose (internal/child_process.js:920:16)
14 verbose stack     at Process.ChildProcess._handle.onexit (internal/child_process.js:230:5)
15 verbose pkgid queue-me-up-buttercup@0.0.0
16 verbose cwd C:\Users\derek\dev\queue-me-up-buttercup
17 error Windows_NT 10.0.16299
18 error argv "C:\\Program Files\\nodejs\\node.exe" "C:\\Program Files\\nodejs\\node_modules\\npm\\bin\\npm-cli.js" "start"
19 error node v6.11.4
20 error npm  v3.10.10
21 error code ELIFECYCLE
22 error queue-me-up-buttercup@0.0.0 start: `node ./bin/www`
22 error Exit status 3221225786
23 error Failed at the queue-me-up-buttercup@0.0.0 start script 'node ./bin/www'.
23 error Make sure you have the latest version of node.js and npm installed.
23 error If you do, this is most likely a problem with the queue-me-up-buttercup package,
23 error not with npm itself.
23 error Tell the author that this fails on your system:
23 error     node ./bin/www
23 error You can get information on how to open an issue for this project with:
23 error     npm bugs queue-me-up-buttercup
23 error Or if that isn't available, you can get their info via:
23 error     npm owner ls queue-me-up-buttercup
23 error There is likely additional logging output above.
24 verbose exit [ 1, true ]
